<?xml version="1.0" encoding="UTF-8"?>
<testng-results skipped="0" failed="0" ignored="0" total="1" passed="1">
  <reporter-output>
  </reporter-output>
  <suite name="Default suite" duration-ms="7025916" started-at="2018-09-28T01:31:41Z" finished-at="2018-09-28T03:28:47Z">
    <groups>
    </groups>
    <test name="Default test" duration-ms="7025916" started-at="2018-09-28T01:31:41Z" finished-at="2018-09-28T03:28:47Z">
      <class name="com.invest.scripts.scripts">
        <test-method status="PASS" signature="startUp()[pri:0, instance:com.invest.scripts.scripts@17942a1]" name="startUp" is-config="true" duration-ms="11299" started-at="2018-09-28T01:31:30Z" finished-at="2018-09-28T01:31:41Z">
          <reporter-output>
          </reporter-output>
        </test-method> <!-- startUp -->
        <test-method status="PASS" signature="reportingChanges()[pri:0, instance:com.invest.scripts.scripts@17942a1]" name="reportingChanges" duration-ms="7023420" started-at="2018-09-28T01:31:41Z" finished-at="2018-09-28T03:28:45Z">
          <reporter-output>
          </reporter-output>
        </test-method> <!-- reportingChanges -->
        <test-method status="PASS" signature="end()[pri:0, instance:com.invest.scripts.scripts@17942a1]" name="end" is-config="true" duration-ms="2361" started-at="2018-09-28T03:28:45Z" finished-at="2018-09-28T03:28:47Z">
          <reporter-output>
          </reporter-output>
        </test-method> <!-- end -->
      </class> <!-- com.invest.scripts.scripts -->
    </test> <!-- Default test -->
  </suite> <!-- Default suite -->
</testng-results>
